<?xml version="1.0" encoding="UTF-8"?>
<!-- Generated by org.testng.reporters.JUnitXMLReporter -->
<testsuite ignored="0" hostname="MrB" failures="0" tests="3" name="Default test" time="10.952" errors="0" timestamp="2021-06-22T13:33:15 EDT">
  <testcase classname="roughTrials.MobileTesting" name="mobileTesting" time="4.578"/>
  <testcase classname="roughTrials.MobileTesting" name="mobileTesting" time="3.223"/>
  <testcase classname="roughTrials.MobileTesting" name="mobileTesting" time="3.096"/>
</testsuite> <!-- Default test -->
